生成启动时间为 2014/11/4 22:09:42。
     1>项目“C:\Users\chenhan\Desktop\exc\llx\llx\llx.vcxproj”在节点 2 上(build 个目标)。
     1>InitializeBuildStatus:
         正在创建“Debug\llx.unsuccessfulbuild”，因为已指定“AlwaysCreate”。
       ClCompile:
         D:\Microsoft Visual Studio 10.0\VC\bin\CL.exe /c /I"C:\Users\chenhan\Desktop\exc\Libraries\SDL2_image-2.0.0\include" /I"C:\Users\chenhan\Desktop\exc\Libraries\SDL2_mixer-2.0.0\include" /I"C:\Users\chenhan\Desktop\exc\Libraries\SDL2_ttf-2.0.12\include" /I"C:\Users\chenhan\Desktop\exc\Libraries\SDL2-2.0.3\include" /ZI /nologo /W3 /WX- /Od /Oy- /D WIN32 /D _DEBUG /D _CONSOLE /D _UNICODE /D UNICODE /Gm /EHsc /RTC1 /MDd /GS /fp:precise /Zc:wchar_t /Zc:forScope /Fo"Debug\\" /Fd"Debug\vc100.pdb" /Gd /TP /analyze- /errorReport:prompt Game.cpp
         Game.cpp
     1>c:\users\chenhan\desktop\exc\llx\llx\game.cpp(18): warning C4244: “参数”: 从“time_t”转换到“unsigned int”，可能丢失数据
     1>c:\users\chenhan\desktop\exc\llx\llx\game.cpp(1418): warning C4244: “=”: 从“double”转换到“int”，可能丢失数据
     1>c:\users\chenhan\desktop\exc\llx\llx\game.cpp(1420): warning C4244: “=”: 从“double”转换到“int”，可能丢失数据
     1>c:\users\chenhan\desktop\exc\llx\llx\game.cpp(1422): warning C4244: “=”: 从“double”转换到“int”，可能丢失数据
     1>c:\users\chenhan\desktop\exc\llx\llx\game.cpp(1424): warning C4244: “=”: 从“double”转换到“int”，可能丢失数据
     1>c:\users\chenhan\desktop\exc\llx\llx\game.cpp(1481): warning C4244: “初始化”: 从“double”转换到“int”，可能丢失数据
     1>c:\users\chenhan\desktop\exc\llx\llx\game.cpp(1482): warning C4244: “初始化”: 从“double”转换到“int”，可能丢失数据
     1>c:\users\chenhan\desktop\exc\llx\llx\game.cpp(1593): warning C4244: “=”: 从“double”转换到“int”，可能丢失数据
     1>c:\users\chenhan\desktop\exc\llx\llx\game.cpp(1594): warning C4244: “=”: 从“double”转换到“int”，可能丢失数据
     1>c:\users\chenhan\desktop\exc\llx\llx\game.cpp(1598): warning C4244: “=”: 从“double”转换到“int”，可能丢失数据
     1>c:\users\chenhan\desktop\exc\llx\llx\game.cpp(1599): warning C4244: “=”: 从“double”转换到“int”，可能丢失数据
     1>c:\users\chenhan\desktop\exc\llx\llx\game.cpp(1646): warning C4244: “初始化”: 从“double”转换到“int”，可能丢失数据
     1>c:\users\chenhan\desktop\exc\llx\llx\game.cpp(3678): warning C4018: “<”: 有符号/无符号不匹配
       Link:
         D:\Microsoft Visual Studio 10.0\VC\bin\link.exe /ERRORREPORT:PROMPT /OUT:"C:\Users\chenhan\Desktop\exc\llx\Debug\llx.exe" /INCREMENTAL /NOLOGO /LIBPATH:"C:\Users\chenhan\Desktop\exc\Libraries\SDL2_image-2.0.0\lib\x86" /LIBPATH:"C:\Users\chenhan\Desktop\exc\Libraries\SDL2_mixer-2.0.0\lib\x86" /LIBPATH:"C:\Users\chenhan\Desktop\exc\Libraries\SDL2_ttf-2.0.12\lib\x86" /LIBPATH:"C:\Users\chenhan\Desktop\exc\Libraries\SDL2-2.0.3\lib\x86" SDL2.lib SDL2main.lib SDL2_mixer.lib SDL2_image.lib SDL2_ttf.lib kernel32.lib user32.lib gdi32.lib winspool.lib comdlg32.lib advapi32.lib shell32.lib ole32.lib oleaut32.lib uuid.lib odbc32.lib odbccp32.lib /MANIFEST:NO /DEBUG /PDB:"C:\Users\chenhan\Desktop\exc\llx\Debug\llx.pdb" /SUBSYSTEM:CONSOLE /TLBID:1 /DYNAMICBASE /NXCOMPAT /IMPLIB:"C:\Users\chenhan\Desktop\exc\llx\Debug\llx.lib" /MACHINE:X86 Debug\Dialog.obj
         Debug\Game.obj
         Debug\Intro_Board.obj
         Debug\Intro_Narrative.obj
         Debug\Land_Scape.obj
         Debug\llx.obj
         Debug\Player.obj
         Debug\Script.obj
         Debug\SDL_Setup.obj
         Debug\Sprite.obj
         llx.vcxproj -> C:\Users\chenhan\Desktop\exc\llx\Debug\llx.exe
       FinalizeBuildStatus:
         正在删除文件“Debug\llx.unsuccessfulbuild”。
         正在对“Debug\llx.lastbuildstate”执行 Touch 任务。
     1>已完成生成项目“C:\Users\chenhan\Desktop\exc\llx\llx\llx.vcxproj”(build 个目标)的操作。

生成成功。

已用时间 00:00:01.32
